[30Nov2024 00:00:32.801] [Server thread/WARN] [net.minecraft.world.level.storage.loot.LootTable/]: Tried to over-fill a container
[30Nov2024 00:06:48.693] [Server thread/WARN] [net.minecraft.server.network.ServerGamePacketListenerImpl/]: DreamyDog9896 moved wrongly!
[30Nov2024 00:06:53.346] [Server thread/INFO] [net.minecraft.server.dedicated.DedicatedServer/]: NaiSoraNaiShiro has made the advancement [Crops of the Wild]
[30Nov2024 00:07:13.616] [Server thread/INFO] [net.minecraft.server.dedicated.DedicatedServer/]: Negks has made the advancement [Penteconter]
[30Nov2024 00:07:15.754] [Server thread/INFO] [net.minecraft.server.dedicated.DedicatedServer/]: Negks has made the advancement [Crops of the Wild]
[30Nov2024 00:08:21.540] [Server thread/INFO] [net.minecraft.server.dedicated.DedicatedServer/]: DreamyDog9896 was slain by NaiSoraNaiShiro
[30Nov2024 00:08:23.417] [Server thread/INFO] [net.minecraft.world.entity.LivingEntity/]: Named entity ZombiePlayer['DreamyDog9896'/743202, l='ServerLevel[world]', x=816.68, y=150.00, z=-1064.90] died: entity.hordes.ZombiePlayer.chat was slain by NaiSoraNaiShiro
[30Nov2024 00:08:23.836] [Server thread/INFO] [net.minecraft.server.dedicated.DedicatedServer/]: No player was found
[30Nov2024 00:08:23.837] [Server thread/INFO] [tac/]: PENDING
[30Nov2024 00:08:40.174] [Server thread/INFO] [net.minecraft.server.dedicated.DedicatedServer/]: [NaiSoraNaiShiro: Teleported DreamyDog9896 to NaiSoraNaiShiro]
[30Nov2024 00:08:51.694] [Server thread/INFO] [net.minecraft.server.dedicated.DedicatedServer/]: DreamyDog9896 has made the advancement [Isn't It Iron Pick]
[30Nov2024 00:11:28.776] [Server thread/INFO] [net.minecraft.server.dedicated.DedicatedServer/]: DreamyDog9896 has made the advancement [Close Quarters]
[30Nov2024 00:13:12.263] [Server thread/INFO] [net.minecraft.server.dedicated.DedicatedServer/]: Negks has made the advancement [Connecting]
[30Nov2024 00:18:54.475] [Server thread/INFO] [net.minecraft.server.dedicated.DedicatedServer/]: [NaiSoraNaiShiro: Teleported DreamyDog9896 to NaiSoraNaiShiro]
[30Nov2024 00:19:06.481] [Server thread/INFO] [net.minecraft.server.dedicated.DedicatedServer/]: [NaiSoraNaiShiro: Teleported Negks to NaiSoraNaiShiro]
[30Nov2024 00:19:52.236] [Server thread/INFO] [net.minecraft.server.dedicated.DedicatedServer/]: DreamyDog9896 has made the advancement [Sweet Dreams]
[30Nov2024 00:20:14.972] [Server thread/INFO] [net.minecraft.server.dedicated.DedicatedServer/]: DreamyDog9896 was slain by NaiSoraNaiShiro
[30Nov2024 00:20:16.801] [Server thread/INFO] [net.minecraft.server.dedicated.DedicatedServer/]: No player was found
[30Nov2024 00:20:16.802] [Server thread/INFO] [tac/]: PENDING
[30Nov2024 00:20:17.923] [Server thread/INFO] [net.minecraft.world.entity.LivingEntity/]: Named entity ZombiePlayer['DreamyDog9896'/822988, l='ServerLevel[world]', x=968.19, y=72.00, z=-1208.35] died: entity.hordes.ZombiePlayer.chat was slain by NaiSoraNaiShiro
[30Nov2024 00:20:25.540] [Server thread/WARN] [net.minecraft.server.level.ServerPlayerGameMode/]: Mismatch in destroy block pos: BlockPos{x=982, y=66, z=-1216} BlockPos{x=984, y=65, z=-1215}
[30Nov2024 00:20:33.104] [Server thread/INFO] [net.minecraft.server.dedicated.DedicatedServer/]: [NaiSoraNaiShiro: Teleported Negks to NaiSoraNaiShiro]
[30Nov2024 00:26:15.739] [Server thread/INFO] [net.minecraft.server.dedicated.DedicatedServer/]: DreamyDog9896 has made the advancement [HAMMAH!]
[30Nov2024 00:29:15.102] [Server thread/INFO] [net.minecraft.server.dedicated.DedicatedServer/]: [NaiSoraNaiShiro: Teleported Negks to NaiSoraNaiShiro]
[30Nov2024 00:29:16.969] [Server thread/INFO] [net.minecraft.server.dedicated.DedicatedServer/]: [NaiSoraNaiShiro: Teleported DreamyDog9896 to NaiSoraNaiShiro]
[30Nov2024 00:29:41.868] [Server thread/INFO] [net.minecraft.server.dedicated.DedicatedServer/]: NaiSoraNaiShiro has made the advancement [Penteconter]
[30Nov2024 00:32:33.452] [Server thread/INFO] [net.minecraft.server.dedicated.DedicatedServer/]: [NaiSoraNaiShiro: Teleported NaiSoraNaiShiro to DreamyDog9896]
[30Nov2024 00:32:50.876] [Server thread/INFO] [net.minecraft.server.dedicated.DedicatedServer/]: [NaiSoraNaiShiro: Teleported NaiSoraNaiShiro to NaiSoraNaiShiro]
[30Nov2024 00:32:53.038] [Server thread/INFO] [net.minecraft.server.dedicated.DedicatedServer/]: [NaiSoraNaiShiro: Teleported NaiSoraNaiShiro to DreamyDog9896]
[30Nov2024 00:33:03.252] [Server thread/INFO] [net.minecraft.server.dedicated.DedicatedServer/]: [NaiSoraNaiShiro: Teleported NaiSoraNaiShiro to DreamyDog9896]
[30Nov2024 00:33:21.034] [Server thread/INFO] [tac/]: NEW UUID GEN FOR TAC GUN
[30Nov2024 00:33:23.013] [Server thread/INFO] [tac/]: NEW UUID GEN FOR TAC GUN
[30Nov2024 00:33:44.324] [Server thread/INFO] [tac/]: NEW UUID GEN FOR TAC GUN
[30Nov2024 00:34:00.565] [Server thread/INFO] [tac/]: NEW UUID GEN FOR TAC GUN
[30Nov2024 00:35:23.566] [Server thread/INFO] [net.minecraft.server.dedicated.DedicatedServer/]: Negks has made the advancement [Decorative and sturdy]
[30Nov2024 00:36:20.267] [Server thread/INFO] [net.minecraft.server.dedicated.DedicatedServer/]: DreamyDog9896 burned to death
[30Nov2024 00:36:21.635] [Server thread/INFO] [net.minecraft.server.dedicated.DedicatedServer/]: No player was found
[30Nov2024 00:36:21.636] [Server thread/INFO] [tac/]: PENDING
[30Nov2024 00:36:55.748] [Server thread/INFO] [net.minecraft.server.dedicated.DedicatedServer/]: [NaiSoraNaiShiro: Teleported DreamyDog9896 to NaiSoraNaiShiro]
[30Nov2024 00:38:09.215] [Server thread/INFO] [net.minecraft.server.dedicated.DedicatedServer/]: NaiSoraNaiShiro died because of Zombie
[30Nov2024 00:38:09.272] [Server thread/ERROR] [net.bettercombat.network.ServerNetwork/]: Server handling Packets.C2S_AttackRequest - No current attack hand!
[30Nov2024 00:38:09.274] [Server thread/ERROR] [net.bettercombat.network.ServerNetwork/]: Combo count: 9 is dual wielding: false
[30Nov2024 00:38:09.274] [Server thread/ERROR] [net.bettercombat.network.ServerNetwork/]: Main-hand stack: 1 air
[30Nov2024 00:38:09.274] [Server thread/ERROR] [net.bettercombat.network.ServerNetwork/]: Off-hand stack: 1 air
[30Nov2024 00:38:09.274] [Server thread/ERROR] [net.bettercombat.network.ServerNetwork/]: Selected slot server: 0 | client: 0
[30Nov2024 00:38:11.122] [Server thread/INFO] [net.minecraft.server.dedicated.DedicatedServer/]: No player was found
[30Nov2024 00:38:11.123] [Server thread/INFO] [tac/]: PENDING
[30Nov2024 00:38:18.225] [Server thread/INFO] [net.minecraft.server.dedicated.DedicatedServer/]: [NaiSoraNaiShiro: Teleported NaiSoraNaiShiro to DreamyDog9896]
[30Nov2024 00:38:40.967] [Server thread/INFO] [net.minecraft.server.dedicated.DedicatedServer/]: DreamyDog9896 died
[30Nov2024 00:38:42.747] [Server thread/INFO] [net.minecraft.server.dedicated.DedicatedServer/]: No player was found
[30Nov2024 00:38:42.748] [Server thread/INFO] [tac/]: PENDING
[30Nov2024 00:40:52.654] [Server thread/INFO] [net.minecraft.server.dedicated.DedicatedServer/]: [NaiSoraNaiShiro: Teleported DreamyDog9896 to NaiSoraNaiShiro]
[30Nov2024 00:41:03.769] [Server thread/INFO] [net.minecraft.server.dedicated.DedicatedServer/]: Negks has made the advancement [Ice Bucket Challenge]
[30Nov2024 00:41:39.989] [Server thread/INFO] [net.minecraft.server.dedicated.DedicatedServer/]: [NaiSoraNaiShiro: Teleported Negks to NaiSoraNaiShiro]
[30Nov2024 00:44:31.510] [Server thread/INFO] [net.minecraft.server.network.ServerLoginPacketListenerImpl/]: com.mojang.authlib.GameProfile@211be7cc[id=<null>,name=Cronianjack,properties={},legacy=false] (/100.108.6.38:61683) lost connection: Disconnected
[30Nov2024 00:46:26.361] [Server thread/INFO] [net.minecraftforge.common.AdvancementLoadFix/]: Using new advancement loading for net.minecraft.server.PlayerAdvancements@266cbf67
[30Nov2024 00:46:26.364] [Server thread/INFO] [net.minecraft.server.players.PlayerList/]: Cronianjack[/100.108.6.38:61707] logged in with entity id 1002187 at (48.5, 68.0, 32.5)
[30Nov2024 00:46:26.379] [Server thread/INFO] [net.minecraft.server.dedicated.DedicatedServer/]: Cronianjack joined the game
[30Nov2024 00:46:26.380] [Server thread/INFO] [tac/]: PENDING
[30Nov2024 00:46:26.421] [Server thread/INFO] [xaero.pac.OpenPartiesAndClaims/]: Updating all forceload tickets for 9a41c3e4-33c1-3ae7-9e10-6223582b449a
[30Nov2024 00:46:26.493] [Server thread/INFO] [net.minecraft.server.dedicated.DedicatedServer/]: Cronianjack has made the advancement [Inhospitable]
[30Nov2024 00:46:27.032] [Server thread/INFO] [voicechat/]: [voicechat] Received secret request of Cronianjack (17)
[30Nov2024 00:46:27.032] [Server thread/INFO] [voicechat/]: [voicechat] Sent secret to Cronianjack
[30Nov2024 00:46:37.881] [VoiceChatPacketProcessingThread/INFO] [voicechat/]: [voicechat] Successfully authenticated player 9a41c3e4-33c1-3ae7-9e10-6223582b449a
[30Nov2024 00:46:38.872] [VoiceChatPacketProcessingThread/INFO] [voicechat/]: [voicechat] Successfully validated connection of player 9a41c3e4-33c1-3ae7-9e10-6223582b449a
[30Nov2024 00:46:38.873] [VoiceChatPacketProcessingThread/INFO] [voicechat/]: [voicechat] Player Cronianjack (9a41c3e4-33c1-3ae7-9e10-6223582b449a) successfully connected to voice chat
[30Nov2024 00:47:22.294] [Server thread/INFO] [net.minecraft.server.dedicated.DedicatedServer/]: [NaiSoraNaiShiro: Teleported Cronianjack to NaiSoraNaiShiro]
[30Nov2024 00:47:27.242] [Server thread/INFO] [net.minecraft.server.dedicated.DedicatedServer/]: [NaiSoraNaiShiro: Teleported Cronianjack to NaiSoraNaiShiro]
[30Nov2024 00:47:29.699] [Server thread/INFO] [io.github.mortuusars.chalk.Chalk/]: Chalk cannot be drawn at this position. (963, 69, -1213)
[30Nov2024 00:47:30.227] [Server thread/INFO] [io.github.mortuusars.chalk.Chalk/]: Chalk cannot be drawn at this position. (963, 69, -1213)
[30Nov2024 00:47:58.781] [Server thread/INFO] [net.minecraft.server.dedicated.DedicatedServer/]: Cronianjack has made the advancement [Amateur Archaeologist]
[30Nov2024 00:48:13.029] [Server thread/INFO] [net.minecraft.server.dedicated.DedicatedServer/]: <Negks> discord
[30Nov2024 00:48:16.477] [Server thread/INFO] [net.minecraft.server.dedicated.DedicatedServer/]: <Negks> cronian
[30Nov2024 00:48:29.113] [Server thread/INFO] [net.minecraft.server.dedicated.DedicatedServer/]: Cronianjack has made the advancement [First Day]
[30Nov2024 00:48:34.371] [Server thread/INFO] [net.minecraft.server.dedicated.DedicatedServer/]: Cronianjack has made the advancement ['X' Marks the Spot]
[30Nov2024 00:48:57.998] [Server thread/INFO] [net.minecraft.server.dedicated.DedicatedServer/]: DreamyDog9896 has made the advancement [Connecting]
[30Nov2024 00:49:53.867] [Server thread/INFO] [net.minecraft.server.dedicated.DedicatedServer/]: Negks has made the advancement [HAMMAH!]
[30Nov2024 00:51:31.367] [Server thread/INFO] [net.minecraft.server.dedicated.DedicatedServer/]: Cronianjack has made the advancement [Acquire Hardware]
[30Nov2024 00:52:03.132] [Server thread/INFO] [net.minecraft.server.dedicated.DedicatedServer/]: Cronianjack has made the advancement [Isn't It Iron Pick]
[30Nov2024 00:53:10.826] [Server thread/INFO] [net.minecraft.server.dedicated.DedicatedServer/]: [NaiSoraNaiShiro: Teleported Cronianjack to NaiSoraNaiShiro]
[30Nov2024 00:54:27.766] [Server thread/INFO] [net.minecraft.server.dedicated.DedicatedServer/]: NaiSoraNaiShiro has made the advancement [Decorative and sturdy]
[30Nov2024 00:54:37.416] [Server thread/INFO] [net.minecraft.server.dedicated.DedicatedServer/]: DreamyDog9896 has made the advancement [Decorative and sturdy]
[30Nov2024 00:55:51.977] [Server thread/INFO] [net.minecraft.server.dedicated.DedicatedServer/]: Cronianjack has made the advancement [Disme A Dozen]
[30Nov2024 00:55:55.319] [Server thread/INFO] [net.minecraft.server.dedicated.DedicatedServer/]: Cronianjack has reached the goal [Modern Materials]
[30Nov2024 00:57:37.071] [Server thread/INFO] [net.minecraft.server.dedicated.DedicatedServer/]: Cronianjack has made the advancement [Diamonds!]
[30Nov2024 00:59:48.520] [Server thread/INFO] [net.minecraft.server.dedicated.DedicatedServer/]: [NaiSoraNaiShiro: Teleported NaiSoraNaiShiro to Negks]
[30Nov2024 01:00:01.822] [Server thread/INFO] [net.minecraft.server.dedicated.DedicatedServer/]: Cronianjack has made the advancement [Monster Hunter]
[30Nov2024 01:01:24.843] [Server thread/INFO] [net.minecraft.server.dedicated.DedicatedServer/]: [NaiSoraNaiShiro: Teleported NaiSoraNaiShiro to Negks]
[30Nov2024 01:02:30.046] [Server thread/INFO] [net.minecraft.server.dedicated.DedicatedServer/]: Cronianjack has made the advancement [Crops of the Wild]
[30Nov2024 01:02:43.182] [Server thread/INFO] [net.minecraft.server.dedicated.DedicatedServer/]: Cronianjack has made the advancement [Close Quarters]
[30Nov2024 01:03:37.721] [Server thread/INFO] [net.minecraft.server.dedicated.DedicatedServer/]: DreamyDog9896 has reached the goal [Dinner's Served!]
